Performing C SOURCE FILE Test CMAKE_HAVE_LIBC_PTHREAD failed with the following output:
Change Dir: /home/cpyarger/src/obs-studio/plugins/obs-midi/build/CMakeFiles/CMakeTmp

Run Build Command(s):/usr/bin/make cmTC_424e5/fast && /usr/bin/make -f CMakeFiles/cmTC_424e5.dir/build.make CMakeFiles/cmTC_424e5.dir/build
make[1]: Entering directory '/home/cpyarger/src/obs-studio/plugins/obs-midi/build/CMakeFiles/CMakeTmp'
Building C object CMakeFiles/cmTC_424e5.dir/src.c.o
/usr/bin/cc   -DCMAKE_HAVE_LIBC_PTHREAD -fPIE   -o CMakeFiles/cmTC_424e5.dir/src.c.o   -c /home/cpyarger/src/obs-studio/plugins/obs-midi/build/CMakeFiles/CMakeTmp/src.c
Linking C executable cmTC_424e5
/usr/bin/cmake -E cmake_link_script CMakeFiles/cmTC_424e5.dir/link.txt --verbose=1
/usr/bin/cc  -DCMAKE_HAVE_LIBC_PTHREAD    CMakeFiles/cmTC_424e5.dir/src.c.o  -o cmTC_424e5 
/usr/bin/ld: CMakeFiles/cmTC_424e5.dir/src.c.o: in function `main':
src.c:(.text+0x46): undefined reference to `pthread_create'
/usr/bin/ld: src.c:(.text+0x52): undefined reference to `pthread_detach'
/usr/bin/ld: src.c:(.text+0x63): undefined reference to `pthread_join'
collect2: error: ld returned 1 exit status
make[1]: *** [CMakeFiles/cmTC_424e5.dir/build.make:87: cmTC_424e5] Error 1
make[1]: Leaving directory '/home/cpyarger/src/obs-studio/plugins/obs-midi/build/CMakeFiles/CMakeTmp'
make: *** [Makefile:121: cmTC_424e5/fast] Error 2


Source file was:
#include <pthread.h>

void* test_func(void* data)
{
  return data;
}

int main(void)
{
  pthread_t thread;
  pthread_create(&thread, NULL, test_func, NULL);
  pthread_detach(thread);
  pthread_join(thread, NULL);
  pthread_atfork(NULL, NULL, NULL);
  pthread_exit(NULL);

  return 0;
}

Determining if the function pthread_create exists in the pthreads failed with the following output:
Change Dir: /home/cpyarger/src/obs-studio/plugins/obs-midi/build/CMakeFiles/CMakeTmp

Run Build Command(s):/usr/bin/make cmTC_65062/fast && /usr/bin/make -f CMakeFiles/cmTC_65062.dir/build.make CMakeFiles/cmTC_65062.dir/build
make[1]: Entering directory '/home/cpyarger/src/obs-studio/plugins/obs-midi/build/CMakeFiles/CMakeTmp'
Building C object CMakeFiles/cmTC_65062.dir/CheckFunctionExists.c.o
/usr/bin/cc   -DCHECK_FUNCTION_EXISTS=pthread_create -fPIE   -o CMakeFiles/cmTC_65062.dir/CheckFunctionExists.c.o   -c /usr/share/cmake-3.16/Modules/CheckFunctionExists.c
Linking C executable cmTC_65062
/usr/bin/cmake -E cmake_link_script CMakeFiles/cmTC_65062.dir/link.txt --verbose=1
/usr/bin/cc  -DCHECK_FUNCTION_EXISTS=pthread_create    CMakeFiles/cmTC_65062.dir/CheckFunctionExists.c.o  -o cmTC_65062  -lpthreads 
/usr/bin/ld: cannot find -lpthreads
collect2: error: ld returned 1 exit status
make[1]: *** [CMakeFiles/cmTC_65062.dir/build.make:87: cmTC_65062] Error 1
make[1]: Leaving directory '/home/cpyarger/src/obs-studio/plugins/obs-midi/build/CMakeFiles/CMakeTmp'
make: *** [Makefile:121: cmTC_65062/fast] Error 2



Determining if the jack_port_rename exist failed with the following output:
Change Dir: /home/cpyarger/src/obs-studio/plugins/obs-midi/build/CMakeFiles/CMakeTmp

Run Build Command(s):/usr/bin/make cmTC_c89cf/fast && /usr/bin/make -f CMakeFiles/cmTC_c89cf.dir/build.make CMakeFiles/cmTC_c89cf.dir/build
make[1]: Entering directory '/home/cpyarger/src/obs-studio/plugins/obs-midi/build/CMakeFiles/CMakeTmp'
Building C object CMakeFiles/cmTC_c89cf.dir/CheckSymbolExists.c.o
/usr/bin/cc   -fPIE   -o CMakeFiles/cmTC_c89cf.dir/CheckSymbolExists.c.o   -c /home/cpyarger/src/obs-studio/plugins/obs-midi/build/CMakeFiles/CMakeTmp/CheckSymbolExists.c
Linking C executable cmTC_c89cf
/usr/bin/cmake -E cmake_link_script CMakeFiles/cmTC_c89cf.dir/link.txt --verbose=1
/usr/bin/cc      CMakeFiles/cmTC_c89cf.dir/CheckSymbolExists.c.o  -o cmTC_c89cf 
/usr/bin/ld: CMakeFiles/cmTC_c89cf.dir/CheckSymbolExists.c.o: in function `main':
CheckSymbolExists.c:(.text+0x1f): undefined reference to `jack_port_rename'
collect2: error: ld returned 1 exit status
make[1]: *** [CMakeFiles/cmTC_c89cf.dir/build.make:87: cmTC_c89cf] Error 1
make[1]: Leaving directory '/home/cpyarger/src/obs-studio/plugins/obs-midi/build/CMakeFiles/CMakeTmp'
make: *** [Makefile:121: cmTC_c89cf/fast] Error 2


File /home/cpyarger/src/obs-studio/plugins/obs-midi/build/CMakeFiles/CMakeTmp/CheckSymbolExists.c:
/* */
#include <jack/jack.h>

int main(int argc, char** argv)
{
  (void)argv;
#ifndef jack_port_rename
  return ((int*)(&jack_port_rename))[argc];
#else
  (void)argc;
  return 0;
#endif
}
